Arguments: 
  C:\Program Files\nodejs\node.exe C:\Users\33131\AppData\Roaming\npm\node_modules\yarn\bin\yarn.js add vuex-persistedstate -D

PATH: 
  C:\Program Files\Git\mingw64\bin;C:\Program Files\Git\usr\bin;C:\Users\33131\bin;C:\Program Files (x86)\Intel\Intel(R) Management Engine Components\iCLS;C:\Program Files\Intel\Intel(R) Management Engine Components\iCLS;C:\Windows\System32;C:\Windows;C:\Windows\System32\wbem;C:\Windows\System32\WindowsPowerShell\v1.0;C:\Windows\System32\OpenSSH;C:\Program Files (x86)\Intel\Intel(R) Management Engine Components\DAL;C:\Program Files\Intel\Intel(R) Management Engine Components\DAL;C:\Program Files (x86)\Intel\Intel(R) Management Engine Components\IPT;C:\Program Files\Intel\Intel(R) Management Engine Components\IPT;C:\Program Files\Git\cmd;C:\Program Files\nodejs;C:\Program Files\nodejs;C:\Users\33131\AppData\Roaming\Microsoft\Windows\Start Menu\Programs;C:\Program Files\MongoDB\Server\4.0\bin;*;C:\Program Files\Git\软件安装包\HBuilderX.1.9.9.20190522.full\HBuilderX\plugins\launcher\tools\adbs;D:\kui-java\jdk1.8.0_91\bin;D:\kui-java\jdk1.8.0_91\jre\bin;C:\Users\33131\AppData\Local\Microsoft\WindowsApps;C:\Users\33131\AppData\Local\Programs\Microsoft VS Code\bin;C:\Program Files\nodejs;C:\Users\33131\AppData\Roaming\npm;C:\Users\33131\AppData\Roaming\Microsoft\Windows\Start Menu\Programs

Yarn version: 
  1.15.2

Node version: 
  10.15.3

Platform: 
  win32 x64

Trace: 
  SyntaxError: D:\git-caihuiyun-h5\chy-web\package.json: Unexpected token / in JSON at position 509
      at JSON.parse (<anonymous>)
      at C:\Users\33131\AppData\Roaming\npm\node_modules\yarn\lib\cli.js:1625:59
      at Generator.next (<anonymous>)
      at step (C:\Users\33131\AppData\Roaming\npm\node_modules\yarn\lib\cli.js:304:30)
      at C:\Users\33131\AppData\Roaming\npm\node_modules\yarn\lib\cli.js:315:13

npm manifest: 
  {
    "name": "chy-gaol",
    "version": "1.0.0",
    "description": "",
    "main": "main.js",
    "scripts": {
      "test": "echo \"Error: no test specified\" && exit 1"
    },
    "repository": {
      "type": "git",
      "url": "git+https://github.com/glglove/chy-h5.git"
    },
    "author": "gaol",
    "license": "ISC",
    "bugs": {
      "url": "https://github.com/glglove/chy-h5/issues"
    },
    "homepage": "https://github.com/glglove/chy-h5#readme",
    "dependencies": {
      "qs": "^6.7.0",
      "socket.io-client": "^2.3.0"
      // "vuex": "^3.1.1",
      // "vuex-persistedstate": "^2.5.4"
    },
    "devDependencies": {},
    "description": ""  
  }

yarn manifest: 
  No manifest

Lockfile: 
  No lockfile
